2020-03-01 21:27:22,727 [1] [DEBUG] (Main) - デバッグのログ
2020-03-01 21:27:22,768 [1] [INFO ] (Main) - インフォのログ
2020-03-01 21:27:22,768 [1] [WARN ] (Main) - 警告のログ
2020-03-01 21:27:22,769 [1] [ERROR] (Main) - エラーのログ
2020-03-01 21:27:22,769 [1] [FATAL] (Main) - 致命的なログ
2020-03-01 21:28:38,627 [1] [DEBUG] (Main) - デバッグのログ
2020-03-01 21:28:38,675 [1] [INFO ] (Main) - インフォのログ
2020-03-01 21:28:38,675 [1] [WARN ] (Main) - 警告のログ
2020-03-01 21:28:38,676 [1] [ERROR] (Main) - エラーのログ
2020-03-01 21:28:38,676 [1] [FATAL] (Main) - 致命的なログ
2020-03-01 21:28:43,302 [1] [ERROR] (ExceptionProc) - MeasureFakeの取得に失敗しました
NDDD.Domain.Exceptions.FakeException: MeasureFakeの取得に失敗しました ---> System.IO.FileNotFoundException: ファイル 'C:\NDDDFake\MeasureFake.csv' が見つかりませんでした。
   場所 System.IO.__Error.WinIOError(Int32 errorCode, String maybeFullPath)
   場所 System.IO.FileStream.Init(String path, FileMode mode, FileAccess access, Int32 rights, Boolean useRights, FileShare share, Int32 bufferSize, FileOptions options, SECURITY_ATTRIBUTES secAttrs, String msgPath, Boolean bFromProxy, Boolean useLongPath, Boolean checkHost)
   場所 System.IO.FileStream..ctor(String path, FileMode mode, FileAccess access, FileShare share, Int32 bufferSize, FileOptions options, String msgPath, Boolean bFromProxy, Boolean useLongPath, Boolean checkHost)
   場所 System.IO.StreamReader..ctor(String path, Encoding encoding, Boolean detectEncodingFromByteOrderMarks, Int32 bufferSize, Boolean checkHost)
   場所 System.IO.StreamReader..ctor(String path, Encoding encoding)
   場所 System.IO.File.InternalReadAllLines(String path, Encoding encoding)
   場所 System.IO.File.ReadAllLines(String path)
   場所 NDDD.Infrastructure.Fake.MeasureFake.GetLatest() 場所 C:\Users\anderson\Desktop\コンテンツ_20191015_続ドメイン\NDDD\NDDD.Infrastructure\Fake\MeasureFake.cs:行 15
   --- 内部例外スタック トレースの終わり ---
   場所 NDDD.Infrastructure.Fake.MeasureFake.GetLatest() 場所 C:\Users\anderson\Desktop\コンテンツ_20191015_続ドメイン\NDDD\NDDD.Infrastructure\Fake\MeasureFake.cs:行 25
   場所 NDDD.Domain.Repositories.MeasureRepository.GetLatest() 場所 C:\Users\anderson\Desktop\コンテンツ_20191015_続ドメイン\NDDD\NDDD.Domain\Repositories\MeasureRepository.cs:行 22
   場所 NDDD.WinForm.ViewModels.LatestViewModel.Search() 場所 C:\Users\anderson\Desktop\コンテンツ_20191015_続ドメイン\NDDD\NDDD.WinForm\ViewModels\LatestViewModel.cs:行 54
   場所 NDDD.WinForm.Views.LatestView.SearchButton_Click(Object sender, EventArgs e) 場所 C:\Users\anderson\Desktop\コンテンツ_20191015_続ドメイン\NDDD\NDDD.WinForm\Views\LatestView.cs:行 35
2020-03-01 21:30:16,538 [1] [DEBUG] (Main) - デバッグのログ
2020-03-01 21:30:16,573 [1] [INFO ] (Main) - インフォのログ
2020-03-01 21:30:16,574 [1] [WARN ] (Main) - 警告のログ
2020-03-01 21:30:16,574 [1] [ERROR] (Main) - エラーのログ
2020-03-01 21:30:16,574 [1] [FATAL] (Main) - 致命的なログ
2020-03-01 21:30:16,660 [1] [INFO ] (BaseForm_Load) - open:LoginView
2020-03-01 21:30:19,343 [1] [INFO ] (BaseForm_Load) - open:LatestView
2020-03-01 21:30:22,783 [1] [INFO ] (BaseForm_FormClosed) - close:LatestView
2020-03-01 21:30:23,627 [1] [INFO ] (BaseForm_FormClosed) - close:LoginView
